<?xml version="1.0" encoding="UTF-8"?>
<!-- Generated by org.testng.reporters.JUnitReportReporter -->
<testsuite hostname="DESKTOP-GAH683G" failures="0" tests="23" name="smokeTestIE.ValidateSmokeTest" time="457.500" errors="2" timestamp="30 Apr 2018 12:02:33 GMT">
  <testcase classname="smokeTestIE.ValidateSmokeTest" name="ValidateResources" time="11.269"/>
  <testcase classname="smokeTestIE.ValidateSmokeTest" name="ValidateAudioCablesCategory" time="20.499">
    <error message="expected [Audio Cables - MarkITplace] but found [All Products - MarkITplace]" type="java.lang.AssertionError">
      <![CDATA[java.lang.AssertionError: expected [Audio Cables - MarkITplace] but found [All Products - MarkITplace]
	at org.testng.Assert.fail(Assert.java:94)
	at org.testng.Assert.failNotEquals(Assert.java:494)
	at org.testng.Assert.assertEquals(Assert.java:123)
	at org.testng.Assert.assertEquals(Assert.java:176)
	at org.testng.Assert.assertEquals(Assert.java:186)
	at smokeTestIE.ValidateSmokeTest.ValidateAudioCablesCategory(ValidateSmokeTest.java:554)
	at java.base/jdk.internal.reflect.NativeMethodAccessorImpl.invoke0(Native Method)
	at java.base/jdk.internal.reflect.NativeMethodAccessorImpl.invoke(NativeMethodAccessorImpl.java:62)
	at java.base/jdk.internal.reflect.DelegatingMethodAccessorImpl.invoke(DelegatingMethodAccessorImpl.java:43)
	at java.base/java.lang.reflect.Method.invoke(Method.java:564)
	at org.testng.internal.MethodInvocationHelper.invokeMethod(MethodInvocationHelper.java:80)
	at org.testng.internal.Invoker.invokeMethod(Invoker.java:714)
	at org.testng.internal.Invoker.invokeTestMethod(Invoker.java:901)
	at org.testng.internal.Invoker.invokeTestMethods(Invoker.java:1231)
	at org.testng.internal.TestMethodWorker.invokeTestMethods(TestMethodWorker.java:127)
	at org.testng.internal.TestMethodWorker.run(TestMethodWorker.java:111)
	at org.testng.TestRunner.privateRun(TestRunner.java:767)
	at org.testng.TestRunner.run(TestRunner.java:617)
	at org.testng.SuiteRunner.runTest(SuiteRunner.java:334)
	at org.testng.SuiteRunner.runSequentially(SuiteRunner.java:329)
	at org.testng.SuiteRunner.privateRun(SuiteRunner.java:291)
	at org.testng.SuiteRunner.run(SuiteRunner.java:240)
	at org.testng.SuiteRunnerWorker.runSuite(SuiteRunnerWorker.java:52)
	at org.testng.SuiteRunnerWorker.run(SuiteRunnerWorker.java:86)
	at org.testng.TestNG.runSuitesSequentially(TestNG.java:1198)
	at org.testng.TestNG.runSuitesLocally(TestNG.java:1123)
	at org.testng.TestNG.run(TestNG.java:1031)
	at org.testng.remote.AbstractRemoteTestNG.run(AbstractRemoteTestNG.java:114)
	at org.testng.remote.RemoteTestNG.initAndRun(RemoteTestNG.java:251)
	at org.testng.remote.RemoteTestNG.main(RemoteTestNG.java:77)
]]>
    </error>
  </testcase> <!-- ValidateAudioCablesCategory -->
  <testcase classname="smokeTestIE.ValidateSmokeTest" name="ValidateHeaderLogo" time="14.375"/>
  <testcase classname="smokeTestIE.ValidateSmokeTest" name="ValidateStandardsCatalogDetail" time="44.110"/>
  <testcase classname="smokeTestIE.ValidateSmokeTest" name="ValidateTrackpage" time="29.984"/>
  <testcase classname="smokeTestIE.ValidateSmokeTest" name="ValidateordersPage" time="15.735"/>
  <testcase classname="smokeTestIE.ValidateSmokeTest" name="ValidateFooterLogo" time="4.843"/>
  <testcase classname="smokeTestIE.ValidateSmokeTest" name="ValidateSearching" time="21.906"/>
  <testcase classname="smokeTestIE.ValidateSmokeTest" name="ValidateFooterLinks" time="11.094">
    <error message="expected [Standard Products - MarkITplace] but found [Cart - MarkITplace]" type="java.lang.AssertionError">
      <![CDATA[java.lang.AssertionError: expected [Standard Products - MarkITplace] but found [Cart - MarkITplace]
	at org.testng.Assert.fail(Assert.java:94)
	at org.testng.Assert.failNotEquals(Assert.java:494)
	at org.testng.Assert.assertEquals(Assert.java:123)
	at org.testng.Assert.assertEquals(Assert.java:176)
	at org.testng.Assert.assertEquals(Assert.java:186)
	at smokeTestIE.ValidateSmokeTest.ValidateFooterLinks(ValidateSmokeTest.java:762)
	at java.base/jdk.internal.reflect.NativeMethodAccessorImpl.invoke0(Native Method)
	at java.base/jdk.internal.reflect.NativeMethodAccessorImpl.invoke(NativeMethodAccessorImpl.java:62)
	at java.base/jdk.internal.reflect.DelegatingMethodAccessorImpl.invoke(DelegatingMethodAccessorImpl.java:43)
	at java.base/java.lang.reflect.Method.invoke(Method.java:564)
	at org.testng.internal.MethodInvocationHelper.invokeMethod(MethodInvocationHelper.java:80)
	at org.testng.internal.Invoker.invokeMethod(Invoker.java:714)
	at org.testng.internal.Invoker.invokeTestMethod(Invoker.java:901)
	at org.testng.internal.Invoker.invokeTestMethods(Invoker.java:1231)
	at org.testng.internal.TestMethodWorker.invokeTestMethods(TestMethodWorker.java:127)
	at org.testng.internal.TestMethodWorker.run(TestMethodWorker.java:111)
	at org.testng.TestRunner.privateRun(TestRunner.java:767)
	at org.testng.TestRunner.run(TestRunner.java:617)
	at org.testng.SuiteRunner.runTest(SuiteRunner.java:334)
	at org.testng.SuiteRunner.runSequentially(SuiteRunner.java:329)
	at org.testng.SuiteRunner.privateRun(SuiteRunner.java:291)
	at org.testng.SuiteRunner.run(SuiteRunner.java:240)
	at org.testng.SuiteRunnerWorker.runSuite(SuiteRunnerWorker.java:52)
	at org.testng.SuiteRunnerWorker.run(SuiteRunnerWorker.java:86)
	at org.testng.TestNG.runSuitesSequentially(TestNG.java:1198)
	at org.testng.TestNG.runSuitesLocally(TestNG.java:1123)
	at org.testng.TestNG.run(TestNG.java:1031)
	at org.testng.remote.AbstractRemoteTestNG.run(AbstractRemoteTestNG.java:114)
	at org.testng.remote.RemoteTestNG.initAndRun(RemoteTestNG.java:251)
	at org.testng.remote.RemoteTestNG.main(RemoteTestNG.java:77)
]]>
    </error>
  </testcase> <!-- ValidateFooterLinks -->
  <testcase classname="smokeTestIE.ValidateSmokeTest" name="ValidateRecentViewLink" time="32.656"/>
  <testcase classname="smokeTestIE.ValidateSmokeTest" name="ValidateMyProfNavigation" time="29.110"/>
  <testcase classname="smokeTestIE.ValidateSmokeTest" name="ValidatePAEmail" time="4.344"/>
  <testcase classname="smokeTestIE.ValidateSmokeTest" name="ValidateSpecialOffer" time="6.762"/>
  <testcase classname="smokeTestIE.ValidateSmokeTest" name="ValidateCartPage" time="6.578"/>
  <testcase classname="smokeTestIE.ValidateSmokeTest" name="ValidateStandardsCatalog" time="11.781"/>
  <testcase classname="smokeTestIE.ValidateSmokeTest" name="ValidateCalendarPage" time="19.892"/>
  <testcase classname="smokeTestIE.ValidateSmokeTest" name="ValidatePDP" time="27.032"/>
  <testcase classname="smokeTestIE.ValidateSmokeTest" name="ValidatePurchaseAnalysisPage" time="11.093"/>
  <testcase classname="smokeTestIE.ValidateSmokeTest" name="ValidateSavedReports" time="23.312"/>
  <testcase classname="smokeTestIE.ValidateSmokeTest" name="ValidateLogin" time="25.093"/>
  <testcase classname="smokeTestIE.ValidateSmokeTest" name="ValidateAllProduct" time="15.406"/>
  <testcase classname="smokeTestIE.ValidateSmokeTest" name="ValidateFavoriteIcon" time="32.579"/>
  <testcase classname="smokeTestIE.ValidateSmokeTest" name="ValidateComparePage" time="38.047"/>
</testsuite> <!-- smokeTestIE.ValidateSmokeTest -->
